  main.c
C:\Users\ktmth\Desktop\project_basic\project_basic\main.c(50,21): warning C4113: 'void (__cdecl *)(int *,int *)'은(는) 'void (__cdecl *)(void)'과(와) 매개 변수 목록이 다릅니다.
C:\Users\ktmth\Desktop\project_basic\project_basic\main.c(59,11): warning C4244: '함수': 'time_t'에서 'unsigned int'(으)로 변환하면서 데이터가 손실될 수 있습니다.
C:\Users\ktmth\Desktop\project_basic\project_basic\main.c(218,16): warning C4026: 정식 매개 변수 목록을 사용하여 함수를 선언했습니다.
C:\Users\ktmth\Desktop\project_basic\project_basic\main.c(233,23): warning C4244: '함수': 'double'에서 'float'(으)로 변환하면서 데이터가 손실될 수 있습니다.
C:\Users\ktmth\Desktop\project_basic\project_basic\main.c(233,38): warning C4244: '함수': 'double'에서 'float'(으)로 변환하면서 데이터가 손실될 수 있습니다.
C:\Users\ktmth\Desktop\project_basic\project_basic\main.c(233,53): warning C4244: '함수': 'double'에서 'float'(으)로 변환하면서 데이터가 손실될 수 있습니다.
C:\Users\ktmth\Desktop\project_basic\project_basic\main.c(240,22): warning C4244: '함수': 'double'에서 'float'(으)로 변환하면서 데이터가 손실될 수 있습니다.
C:\Users\ktmth\Desktop\project_basic\project_basic\main.c(240,37): warning C4244: '함수': 'double'에서 'float'(으)로 변환하면서 데이터가 손실될 수 있습니다.
C:\Users\ktmth\Desktop\project_basic\project_basic\main.c(240,52): warning C4244: '함수': 'double'에서 'float'(으)로 변환하면서 데이터가 손실될 수 있습니다.
C:\Users\ktmth\Desktop\project_basic\project_basic\main.c(247,31): warning C4244: '함수': 'double'에서 'float'(으)로 변환하면서 데이터가 손실될 수 있습니다.
C:\Users\ktmth\Desktop\project_basic\project_basic\main.c(247,58): warning C4244: '함수': 'double'에서 'float'(으)로 변환하면서 데이터가 손실될 수 있습니다.
C:\Users\ktmth\Desktop\project_basic\project_basic\main.c(247,73): warning C4244: '함수': 'double'에서 'float'(으)로 변환하면서 데이터가 손실될 수 있습니다.
C:\Users\ktmth\Desktop\project_basic\project_basic\main.c(228,30): warning C4244: '초기화 중': 'int'에서 'float'(으)로 변환하면서 데이터가 손실될 수 있습니다.
C:\Users\ktmth\Desktop\project_basic\project_basic\main.c(229,30): warning C4244: '초기화 중': 'int'에서 'float'(으)로 변환하면서 데이터가 손실될 수 있습니다.
C:\Users\ktmth\Desktop\project_basic\project_basic\main.c(230,30): warning C4244: '초기화 중': 'int'에서 'float'(으)로 변환하면서 데이터가 손실될 수 있습니다.
C:\Users\ktmth\Desktop\project_basic\project_basic\main.c(236,30): warning C4244: '초기화 중': 'int'에서 'float'(으)로 변환하면서 데이터가 손실될 수 있습니다.
C:\Users\ktmth\Desktop\project_basic\project_basic\main.c(237,30): warning C4244: '초기화 중': 'int'에서 'float'(으)로 변환하면서 데이터가 손실될 수 있습니다.
C:\Users\ktmth\Desktop\project_basic\project_basic\main.c(238,30): warning C4244: '초기화 중': 'int'에서 'float'(으)로 변환하면서 데이터가 손실될 수 있습니다.
  코드를 생성하고 있습니다.
  0 of 16 functions ( 0.0%) were compiled, the rest were copied from previous compilation.
    0 functions were new in current compilation
    0 functions had inline decision re-evaluated but remain unchanged
  코드를 생성했습니다.
  project_basic.vcxproj -> C:\Users\ktmth\Desktop\project_basic\Release\project_basic.exe
